<?xml version="1.0" encoding="UTF-8"?>
<testsuite xmlns:xsi="http://www.w3.org/2001/XMLSchema-instance" xsi:noNamespaceSchemaLocation="https://maven.apache.org/surefire/maven-surefire-plugin/xsd/surefire-test-report-3.0.xsd" version="3.0" name="org.example.onlinetestbackendtestpart.OnlineTestBackEndTestPartApplicationTests" time="3.92" tests="1" errors="0" skipped="0" failures="0">
  <properties>
[...]
</properties>
  <testcase name="contextLoads" classname="org.example.onlinetestbackendtestpart.OnlineTestBackEndTestPartApplicationTests" time="1.264">
    <system-out><![CDATA[20:59:20.625 [main] INFO org.springframework.test.context.support.AnnotationConfigContextLoaderUtils -- Could not detect default configuration classes for test class [org.example.onlinetestbackendtestpart.OnlineTestBackEndTestPartApplicationTests]: OnlineTestBackEndTestPartApplicationTests does not declare any static, non-private, non-final, nested classes annotated with @Configuration.
20:59:20.699 [main] INFO org.springframework.boot.test.context.SpringBootTestContextBootstrapper -- Found @SpringBootConfiguration org.example.onlinetestbackendtestpart.OnlineTestBackEndTestPartApplication for test class org.example.onlinetestbackendtestpart.OnlineTestBackEndTestPartApplicationTests

  .   ____          _            __ _ _
 /\\ / ___'_ __ _ _(_)_ __  __ _ \ \ \ \
( ( )\___ | '_ | '_| | '_ \/ _` | \ \ \ \
 \\/  ___)| |_)| | | | | || (_| |  ) ) ) )
  '  |____| .__|_| |_|_| |_\__, | / / / /
 =========|_|==============|___/=/_/_/_/

 :: Spring Boot ::                (v3.3.1)

2024-07-11T20:59:21.003+08:00  INFO 21920 --- [OnlineTestBackEndTestPart] [           main] nlineTestBackEndTestPartApplicationTests : Starting OnlineTestBackEndTestPartApplicationTests using Java 17.0.11 with PID 21920 (started by 詹锦烨 in D:\College\大二小学期\Gitee\BackEnd\OnlineTestBackEndTestPart)
2024-07-11T20:59:21.004+08:00  INFO 21920 --- [OnlineTestBackEndTestPart] [           main] nlineTestBackEndTestPartApplicationTests : No active profile set, falling back to 1 default profile: "default"
2024-07-11T20:59:23.135+08:00  INFO 21920 --- [OnlineTestBackEndTestPart] [           main] nlineTestBackEndTestPartApplicationTests : Started OnlineTestBackEndTestPartApplicationTests in 2.326 seconds (process running for 3.392)
2024-07-11T20:59:24.109+08:00  INFO 21920 --- [OnlineTestBackEndTestPart] [           main] com.zaxxer.hikari.HikariDataSource       : HikariPool-1 - Starting...
2024-07-11T20:59:24.357+08:00  INFO 21920 --- [OnlineTestBackEndTestPart] [           main] com.zaxxer.hikari.pool.HikariPool        : HikariPool-1 - Added connection com.mysql.cj.jdbc.ConnectionImpl@5f33e6d
2024-07-11T20:59:24.360+08:00  INFO 21920 --- [OnlineTestBackEndTestPart] [           main] com.zaxxer.hikari.HikariDataSource       : HikariPool-1 - Start completed.
{
"success":1,
"data":[org.example.onlinetestbackendtestpart.pojo.PostQuestion@7227926b, org.example.onlinetestbackendtestpart.pojo.PostQuestion@2f75a9b1, org.example.onlinetestbackendtestpart.pojo.PostQuestion@556aed22]
}
]]></system-out>
  </testcase>
</testsuite>